<?xml version="1.0"?>
<!DOCTYPE coverage SYSTEM "http://cobertura.sourceforge.net/xml/coverage-04.dtd">

<coverage line-rate="0.7346938775510204" branch-rate="0.0" lines-covered="36" lines-valid="49" branches-covered="0" branches-valid="2" complexity="1.0277777777777777" version="1.9.4.1" timestamp="1513334702068">
	<sources>
		<source>--source</source>
		<source>D:/HandsOn/maven/workspace/emp/src/main/java</source>
	</sources>
	<packages>
		<package name="com.sample.mvc.controller" line-rate="1.0" branch-rate="1.0" complexity="1.0">
			<classes>
				<class name="com.sample.mvc.controller.EmployeeController" filename="com/sample/mvc/controller/EmployeeController.java" line-rate="1.0" branch-rate="1.0" complexity="1.0">
					<methods>
						<method name="&lt;init&gt;" signature="()V" line-rate="1.0" branch-rate="1.0">
							<lines>
								<line number="25" hits="6" branch="false"/>
								<line number="27" hits="6" branch="false"/>
							</lines>
						</method>
						<method name="addEmployee" signature="(Lcom/sample/mvc/model/EmployeeCommand;)Lorg/springframework/web/servlet/ModelAndView;" line-rate="1.0" branch-rate="1.0">
							<lines>
								<line number="45" hits="3" branch="false"/>
								<line number="46" hits="3" branch="false"/>
							</lines>
						</method>
						<method name="deleteEmplyee" signature="(Ljava/lang/Integer;)Ljava/lang/String;" line-rate="1.0" branch-rate="1.0">
							<lines>
								<line number="66" hits="1" branch="false"/>
								<line number="67" hits="1" branch="false"/>
							</lines>
						</method>
						<method name="getEmployeeById" signature="(Ljava/lang/Integer;Lorg/springframework/ui/Model;)Ljava/lang/String;" line-rate="1.0" branch-rate="1.0">
							<lines>
								<line number="51" hits="1" branch="false"/>
								<line number="52" hits="1" branch="false"/>
								<line number="53" hits="1" branch="false"/>
							</lines>
						</method>
						<method name="listContacts" signature="(Ljava/util/Map;)Ljava/lang/String;" line-rate="1.0" branch-rate="1.0">
							<lines>
								<line number="36" hits="1" branch="false"/>
								<line number="37" hits="1" branch="false"/>
								<line number="38" hits="1" branch="false"/>
							</lines>
						</method>
						<method name="updateEmployee" signature="(Lcom/sample/mvc/model/EmployeeCommand;)Ljava/lang/String;" line-rate="1.0" branch-rate="1.0">
							<lines>
								<line number="59" hits="1" branch="false"/>
								<line number="60" hits="1" branch="false"/>
							</lines>
						</method>
						<method name="viewHome" signature="()Ljava/lang/String;" line-rate="1.0" branch-rate="1.0">
							<lines>
								<line number="31" hits="1" branch="false"/>
							</lines>
						</method>
					</methods>
					<lines>
						<line number="25" hits="6" branch="false"/>
						<line number="27" hits="6" branch="false"/>
						<line number="31" hits="1" branch="false"/>
						<line number="36" hits="1" branch="false"/>
						<line number="37" hits="1" branch="false"/>
						<line number="38" hits="1" branch="false"/>
						<line number="45" hits="3" branch="false"/>
						<line number="46" hits="3" branch="false"/>
						<line number="51" hits="1" branch="false"/>
						<line number="52" hits="1" branch="false"/>
						<line number="53" hits="1" branch="false"/>
						<line number="59" hits="1" branch="false"/>
						<line number="60" hits="1" branch="false"/>
						<line number="66" hits="1" branch="false"/>
						<line number="67" hits="1" branch="false"/>
					</lines>
				</class>
			</classes>
		</package>
		<package name="com.sample.mvc.dao" line-rate="0.0" branch-rate="0.0" complexity="1.0909090909090908">
			<classes>
				<class name="com.sample.mvc.dao.EmployeeDAO" filename="com/sample/mvc/dao/EmployeeDAO.java" line-rate="1.0" branch-rate="1.0" complexity="1.0">
					<methods>
					</methods>
					<lines>
					</lines>
				</class>
				<class name="com.sample.mvc.dao.EmployeeDAOImpl" filename="com/sample/mvc/dao/EmployeeDAOImpl.java" line-rate="0.0" branch-rate="0.0" complexity="1.1666666666666667">
					<methods>
						<method name="&lt;init&gt;" signature="()V" line-rate="0.0" branch-rate="1.0">
							<lines>
								<line number="16" hits="0" branch="false"/>
								<line number="18" hits="0" branch="false"/>
							</lines>
						</method>
						<method name="addEmployee" signature="(Lcom/sample/mvc/model/EmployeeCommand;)V" line-rate="0.0" branch-rate="1.0">
							<lines>
								<line number="22" hits="0" branch="false"/>
								<line number="23" hits="0" branch="false"/>
							</lines>
						</method>
						<method name="deleteEmployee" signature="(Ljava/lang/Integer;)V" line-rate="0.0" branch-rate="0.0">
							<lines>
								<line number="27" hits="0" branch="false"/>
								<line number="28" hits="0" branch="true" condition-coverage="0% (0/2)">
									<conditions>
										<condition number="0" type="jump" coverage="0%"/>
									</conditions>
								</line>
								<line number="29" hits="0" branch="false"/>
								<line number="31" hits="0" branch="false"/>
							</lines>
						</method>
						<method name="getEmployeebyId" signature="(Ljava/lang/Integer;)Lcom/sample/mvc/model/EmployeeCommand;" line-rate="0.0" branch-rate="1.0">
							<lines>
								<line number="40" hits="0" branch="false"/>
								<line number="41" hits="0" branch="false"/>
							</lines>
						</method>
						<method name="listContact" signature="()Ljava/util/List;" line-rate="0.0" branch-rate="1.0">
							<lines>
								<line number="35" hits="0" branch="false"/>
							</lines>
						</method>
						<method name="updateEmployee" signature="(Lcom/sample/mvc/model/EmployeeCommand;)V" line-rate="0.0" branch-rate="1.0">
							<lines>
								<line number="46" hits="0" branch="false"/>
								<line number="47" hits="0" branch="false"/>
							</lines>
						</method>
					</methods>
					<lines>
						<line number="16" hits="0" branch="false"/>
						<line number="18" hits="0" branch="false"/>
						<line number="22" hits="0" branch="false"/>
						<line number="23" hits="0" branch="false"/>
						<line number="27" hits="0" branch="false"/>
						<line number="28" hits="0" branch="true" condition-coverage="0% (0/2)">
							<conditions>
								<condition number="0" type="jump" coverage="0%"/>
							</conditions>
						</line>
						<line number="29" hits="0" branch="false"/>
						<line number="31" hits="0" branch="false"/>
						<line number="35" hits="0" branch="false"/>
						<line number="40" hits="0" branch="false"/>
						<line number="41" hits="0" branch="false"/>
						<line number="46" hits="0" branch="false"/>
						<line number="47" hits="0" branch="false"/>
					</lines>
				</class>
			</classes>
		</package>
		<package name="com.sample.mvc.model" line-rate="1.0" branch-rate="1.0" complexity="1.0">
			<classes>
				<class name="com.sample.mvc.model.EmployeeCommand" filename="com/sample/mvc/model/EmployeeCommand.java" line-rate="1.0" branch-rate="1.0" complexity="1.0">
					<methods>
						<method name="&lt;init&gt;" signature="()V" line-rate="1.0" branch-rate="1.0">
							<lines>
								<line number="14" hits="13" branch="false"/>
								<line number="16" hits="13" branch="false"/>
							</lines>
						</method>
						<method name="getCity" signature="()Ljava/lang/String;" line-rate="1.0" branch-rate="1.0">
							<lines>
								<line number="45" hits="1" branch="false"/>
							</lines>
						</method>
						<method name="getCode" signature="()I" line-rate="1.0" branch-rate="1.0">
							<lines>
								<line number="37" hits="1" branch="false"/>
							</lines>
						</method>
						<method name="getName" signature="()Ljava/lang/String;" line-rate="1.0" branch-rate="1.0">
							<lines>
								<line number="29" hits="1" branch="false"/>
							</lines>
						</method>
						<method name="setCity" signature="(Ljava/lang/String;)V" line-rate="1.0" branch-rate="1.0">
							<lines>
								<line number="49" hits="11" branch="false"/>
								<line number="50" hits="11" branch="false"/>
							</lines>
						</method>
						<method name="setCode" signature="(I)V" line-rate="1.0" branch-rate="1.0">
							<lines>
								<line number="41" hits="11" branch="false"/>
								<line number="42" hits="11" branch="false"/>
							</lines>
						</method>
						<method name="setName" signature="(Ljava/lang/String;)V" line-rate="1.0" branch-rate="1.0">
							<lines>
								<line number="33" hits="11" branch="false"/>
								<line number="34" hits="11" branch="false"/>
							</lines>
						</method>
					</methods>
					<lines>
						<line number="14" hits="13" branch="false"/>
						<line number="16" hits="13" branch="false"/>
						<line number="29" hits="1" branch="false"/>
						<line number="33" hits="11" branch="false"/>
						<line number="34" hits="11" branch="false"/>
						<line number="37" hits="1" branch="false"/>
						<line number="41" hits="11" branch="false"/>
						<line number="42" hits="11" branch="false"/>
						<line number="45" hits="1" branch="false"/>
						<line number="49" hits="11" branch="false"/>
						<line number="50" hits="11" branch="false"/>
					</lines>
				</class>
			</classes>
		</package>
		<package name="com.sample.mvc.service" line-rate="1.0" branch-rate="1.0" complexity="1.0">
			<classes>
				<class name="com.sample.mvc.service.EmployeeService" filename="com/sample/mvc/service/EmployeeService.java" line-rate="1.0" branch-rate="1.0" complexity="1.0">
					<methods>
					</methods>
					<lines>
					</lines>
				</class>
				<class name="com.sample.mvc.service.EmployeeServiceImpl" filename="com/sample/mvc/service/EmployeeServiceImpl.java" line-rate="1.0" branch-rate="1.0" complexity="1.0">
					<methods>
						<method name="&lt;init&gt;" signature="()V" line-rate="1.0" branch-rate="1.0">
							<lines>
								<line number="17" hits="5" branch="false"/>
								<line number="19" hits="5" branch="false"/>
							</lines>
						</method>
						<method name="addEmployee" signature="(Lcom/sample/mvc/model/EmployeeCommand;)V" line-rate="1.0" branch-rate="1.0">
							<lines>
								<line number="27" hits="1" branch="false"/>
								<line number="28" hits="1" branch="false"/>
							</lines>
						</method>
						<method name="deleteEmployee" signature="(Ljava/lang/Integer;)V" line-rate="1.0" branch-rate="1.0">
							<lines>
								<line number="33" hits="1" branch="false"/>
								<line number="34" hits="1" branch="false"/>
							</lines>
						</method>
						<method name="getEmployeebyId" signature="(Ljava/lang/Integer;)Lcom/sample/mvc/model/EmployeeCommand;" line-rate="1.0" branch-rate="1.0">
							<lines>
								<line number="39" hits="1" branch="false"/>
							</lines>
						</method>
						<method name="listContact" signature="()Ljava/util/List;" line-rate="1.0" branch-rate="1.0">
							<lines>
								<line number="45" hits="1" branch="false"/>
							</lines>
						</method>
						<method name="updateEmployee" signature="(Lcom/sample/mvc/model/EmployeeCommand;)V" line-rate="1.0" branch-rate="1.0">
							<lines>
								<line number="51" hits="1" branch="false"/>
								<line number="52" hits="1" branch="false"/>
							</lines>
						</method>
					</methods>
					<lines>
						<line number="17" hits="5" branch="false"/>
						<line number="19" hits="5" branch="false"/>
						<line number="27" hits="1" branch="false"/>
						<line number="28" hits="1" branch="false"/>
						<line number="33" hits="1" branch="false"/>
						<line number="34" hits="1" branch="false"/>
						<line number="39" hits="1" branch="false"/>
						<line number="45" hits="1" branch="false"/>
						<line number="51" hits="1" branch="false"/>
						<line number="52" hits="1" branch="false"/>
					</lines>
				</class>
			</classes>
		</package>
	</packages>
</coverage>
