<?xml version="1.0" encoding="UTF-8" ?>
<testsuite tests="6" failures="0" name="com.sample.mvc.controllerTest.EmployeeControllerTest" time="1.879" errors="0" skipped="0">
  <properties>
[...]
</properties>
  <testcase classname="com.sample.mvc.controllerTest.EmployeeControllerTest" name="testDeleteEmployee" time="1.097"/>
  <testcase classname="com.sample.mvc.controllerTest.EmployeeControllerTest" name="testAddEmployee" time="0.169"/>
  <testcase classname="com.sample.mvc.controllerTest.EmployeeControllerTest" name="testGetEmployeeById" time="0.05"/>
  <testcase classname="com.sample.mvc.controllerTest.EmployeeControllerTest" name="testUpdateEmployee" time="0.019"/>
  <testcase classname="com.sample.mvc.controllerTest.EmployeeControllerTest" name="testListContacts" time="0.022"/>
  <testcase classname="com.sample.mvc.controllerTest.EmployeeControllerTest" name="testViewHome" time="0.019"/>
</testsuite>