<?xml version="1.0" encoding="UTF-8"?>
<coverage generated="1513334687477" clover="3.1.12">
   <project name="EmployeeManagementSystem 3.0-SNAPSHOT" timestamp="1513334607465">
      <metrics coveredelements="47" complexity="27" loc="259" methods="26" classes="6" statements="36" packages="4" coveredconditionals="0" coveredmethods="20" elements="64" ncloc="187" files="6" conditionals="2" coveredstatements="27"/>
      <package name="com.sample.mvc.service">
         <metrics coveredelements="12" complexity="6" loc="74" methods="6" classes="2" statements="6" coveredconditionals="0" coveredmethods="6" elements="12" ncloc="50" files="2" conditionals="0" coveredstatements="6"/>
         <file path="D:\HandsOn\maven\workspace\emp\src\main\java\com\sample\mvc\service\EmployeeService.java" name="EmployeeService.java">
            <metrics coveredelements="0" coveredconditionals="0" complexity="0" loc="19" coveredmethods="0" methods="0" elements="0" classes="1" ncloc="10" statements="0" conditionals="0" coveredstatements="0"/>
            <class name="EmployeeService">
               <metrics coveredelements="0" coveredconditionals="0" complexity="0" coveredmethods="0" methods="0" elements="0" statements="0" conditionals="0" coveredstatements="0"/>
            </class>
         </file>
         <file path="D:\HandsOn\maven\workspace\emp\src\main\java\com\sample\mvc\service\EmployeeServiceImpl.java" name="EmployeeServiceImpl.java">
            <metrics coveredelements="12" coveredconditionals="0" complexity="6" loc="55" coveredmethods="6" methods="6" elements="12" classes="1" ncloc="40" statements="6" conditionals="0" coveredstatements="6"/>
            <class name="EmployeeServiceImpl">
               <metrics coveredelements="12" coveredconditionals="0" complexity="6" coveredmethods="6" methods="6" elements="12" statements="6" conditionals="0" coveredstatements="6"/>
            </class>
            <line complexity="1" visibility="public" signature="EmployeeServiceImpl()" num="16" count="5" type="method"/>
            <line num="17" count="5" type="stmt"/>
            <line complexity="1" visibility="public" signature="addEmployee(EmployeeCommand) : void" num="24" count="1" type="method"/>
            <line num="27" count="1" type="stmt"/>
            <line complexity="1" visibility="public" signature="deleteEmployee(Integer) : void" num="30" count="1" type="method"/>
            <line num="33" count="1" type="stmt"/>
            <line complexity="1" visibility="public" signature="getEmployeebyId(Integer) : EmployeeCommand" num="36" count="1" type="method"/>
            <line num="39" count="1" type="stmt"/>
            <line complexity="1" visibility="public" signature="listContact() : List&lt;EmployeeCommand&gt;" num="42" count="1" type="method"/>
            <line num="45" count="1" type="stmt"/>
            <line complexity="1" visibility="public" signature="updateEmployee(EmployeeCommand) : void" num="48" count="1" type="method"/>
            <line num="51" count="1" type="stmt"/>
         </file>
      </package>
      <package name="com.sample.mvc.model">
         <metrics coveredelements="14" complexity="7" loc="52" methods="7" classes="1" statements="7" coveredconditionals="0" coveredmethods="7" elements="14" ncloc="37" files="1" conditionals="0" coveredstatements="7"/>
         <file path="D:\HandsOn\maven\workspace\emp\src\main\java\com\sample\mvc\model\EmployeeCommand.java" name="EmployeeCommand.java">
            <metrics coveredelements="14" coveredconditionals="0" complexity="7" loc="52" coveredmethods="7" methods="7" elements="14" classes="1" ncloc="37" statements="7" conditionals="0" coveredstatements="7"/>
            <class name="EmployeeCommand">
               <metrics coveredelements="14" coveredconditionals="0" complexity="7" coveredmethods="7" methods="7" elements="14" statements="7" conditionals="0" coveredstatements="7"/>
            </class>
            <line complexity="1" visibility="public" signature="EmployeeCommand()" num="13" count="13" type="method"/>
            <line num="14" count="13" type="stmt"/>
            <line complexity="1" visibility="public" signature="getName() : String" num="28" count="1" type="method"/>
            <line num="29" count="1" type="stmt"/>
            <line complexity="1" visibility="public" signature="setName(String) : void" num="32" count="11" type="method"/>
            <line num="33" count="11" type="stmt"/>
            <line complexity="1" visibility="public" signature="getCode() : int" num="36" count="1" type="method"/>
            <line num="37" count="1" type="stmt"/>
            <line complexity="1" visibility="public" signature="setCode(int) : void" num="40" count="11" type="method"/>
            <line num="41" count="11" type="stmt"/>
            <line complexity="1" visibility="public" signature="getCity() : String" num="44" count="1" type="method"/>
            <line num="45" count="1" type="stmt"/>
            <line complexity="1" visibility="public" signature="setCity(String) : void" num="48" count="11" type="method"/>
            <line num="49" count="11" type="stmt"/>
         </file>
      </package>
      <package name="com.sample.mvc.dao">
         <metrics coveredelements="0" complexity="7" loc="64" methods="6" classes="2" statements="9" coveredconditionals="0" coveredmethods="0" elements="17" ncloc="46" files="2" conditionals="2" coveredstatements="0"/>
         <file path="D:\HandsOn\maven\workspace\emp\src\main\java\com\sample\mvc\dao\EmployeeDAO.java" name="EmployeeDAO.java">
            <metrics coveredelements="0" coveredconditionals="0" complexity="0" loc="13" coveredmethods="0" methods="0" elements="0" classes="1" ncloc="10" statements="0" conditionals="0" coveredstatements="0"/>
            <class name="EmployeeDAO">
               <metrics coveredelements="0" coveredconditionals="0" complexity="0" coveredmethods="0" methods="0" elements="0" statements="0" conditionals="0" coveredstatements="0"/>
            </class>
         </file>
         <file path="D:\HandsOn\maven\workspace\emp\src\main\java\com\sample\mvc\dao\EmployeeDAOImpl.java" name="EmployeeDAOImpl.java">
            <metrics coveredelements="0" coveredconditionals="0" complexity="7" loc="51" coveredmethods="0" methods="6" elements="17" classes="1" ncloc="36" statements="9" conditionals="2" coveredstatements="0"/>
            <class name="EmployeeDAOImpl">
               <metrics coveredelements="0" coveredconditionals="0" complexity="7" coveredmethods="0" methods="6" elements="17" statements="9" conditionals="2" coveredstatements="0"/>
            </class>
            <line complexity="1" visibility="public" signature="EmployeeDAOImpl()" num="15" count="0" type="method"/>
            <line num="16" count="0" type="stmt"/>
            <line complexity="1" visibility="public" signature="addEmployee(EmployeeCommand) : void" num="20" count="0" type="method"/>
            <line num="22" count="0" type="stmt"/>
            <line complexity="2" visibility="public" signature="deleteEmployee(Integer) : void" num="25" count="0" type="method"/>
            <line num="27" count="0" type="stmt"/>
            <line num="28" count="0" type="stmt"/>
            <line falsecount="0" truecount="0" num="28" type="cond"/>
            <line num="29" count="0" type="stmt"/>
            <line complexity="1" visibility="public" signature="listContact() : List&lt;EmployeeCommand&gt;" num="33" count="0" type="method"/>
            <line num="35" count="0" type="stmt"/>
            <line complexity="1" visibility="public" signature="getEmployeebyId(Integer) : EmployeeCommand" num="38" count="0" type="method"/>
            <line num="40" count="0" type="stmt"/>
            <line num="41" count="0" type="stmt"/>
            <line complexity="1" visibility="public" signature="updateEmployee(EmployeeCommand) : void" num="44" count="0" type="method"/>
            <line num="46" count="0" type="stmt"/>
         </file>
      </package>
      <package name="com.sample.mvc.controller">
         <metrics coveredelements="21" complexity="7" loc="69" methods="7" classes="1" statements="14" coveredconditionals="0" coveredmethods="7" elements="21" ncloc="54" files="1" conditionals="0" coveredstatements="14"/>
         <file path="D:\HandsOn\maven\workspace\emp\src\main\java\com\sample\mvc\controller\EmployeeController.java" name="EmployeeController.java">
            <metrics coveredelements="21" coveredconditionals="0" complexity="7" loc="69" coveredmethods="7" methods="7" elements="21" classes="1" ncloc="54" statements="14" conditionals="0" coveredstatements="14"/>
            <class name="EmployeeController">
               <metrics coveredelements="21" coveredconditionals="0" complexity="7" coveredmethods="7" methods="7" elements="21" statements="14" conditionals="0" coveredstatements="14"/>
            </class>
            <line complexity="1" visibility="public" signature="EmployeeController()" num="24" count="6" type="method"/>
            <line num="25" count="6" type="stmt"/>
            <line complexity="1" visibility="public" signature="viewHome() : String" num="29" count="1" type="method"/>
            <line num="31" count="1" type="stmt"/>
            <line complexity="1" visibility="public" signature="listContacts(Map&lt;String, Object&gt;) : String" num="34" count="1" type="method"/>
            <line num="36" count="1" type="stmt"/>
            <line num="37" count="1" type="stmt"/>
            <line num="38" count="1" type="stmt"/>
            <line complexity="1" visibility="public" signature="addEmployee(EmployeeCommand) : ModelAndView" num="42" count="3" type="method"/>
            <line num="45" count="3" type="stmt"/>
            <line num="46" count="3" type="stmt"/>
            <line complexity="1" visibility="public" signature="getEmployeeById(Integer,Model) : String" num="49" count="1" type="method"/>
            <line num="51" count="1" type="stmt"/>
            <line num="52" count="1" type="stmt"/>
            <line num="53" count="1" type="stmt"/>
            <line complexity="1" visibility="public" signature="updateEmployee(EmployeeCommand) : String" num="56" count="1" type="method"/>
            <line num="59" count="1" type="stmt"/>
            <line num="60" count="1" type="stmt"/>
            <line complexity="1" visibility="public" signature="deleteEmplyee(Integer) : String" num="63" count="1" type="method"/>
            <line num="66" count="1" type="stmt"/>
            <line num="67" count="1" type="stmt"/>
         </file>
      </package>
   </project>
   <testproject name="EmployeeManagementSystem 3.0-SNAPSHOT" timestamp="1513334607465">
      <metrics coveredelements="65" complexity="14" loc="271" methods="13" classes="2" statements="53" packages="2" coveredconditionals="0" coveredmethods="13" elements="66" ncloc="165" files="2" conditionals="0" coveredstatements="52"/>
      <package name="com.sample.mvc.serviceTest">
         <metrics coveredelements="28" complexity="7" loc="119" methods="6" classes="1" statements="23" coveredconditionals="0" coveredmethods="6" elements="29" ncloc="72" files="1" conditionals="0" coveredstatements="22"/>
         <file path="D:\HandsOn\maven\workspace\emp\src\test\java\com\sample\mvc\serviceTest\EmployeeServiceTest.java" name="EmployeeServiceTest.java">
            <metrics coveredelements="28" coveredconditionals="0" complexity="7" loc="119" coveredmethods="6" methods="6" elements="29" classes="1" ncloc="72" statements="23" conditionals="0" coveredstatements="22"/>
            <class name="EmployeeServiceTest">
               <metrics coveredelements="28" complexity="7" methods="6" testruns="5" statements="23" coveredconditionals="0" coveredmethods="6" elements="29" testfailures="0" testduration="0.008" conditionals="0" coveredstatements="22" testpasses="5"/>
            </class>
            <line complexity="1" visibility="public" signature="setup() : void" num="36" count="5" type="method"/>
            <line num="40" count="5" type="stmt"/>
            <line num="41" count="5" type="stmt"/>
            <line num="42" count="5" type="stmt"/>
            <line num="43" count="5" type="stmt"/>
            <line num="44" count="5" type="stmt"/>
            <line complexity="1" visibility="public" signature="testGetEmployeeById() : void" num="49" testsuccess="true" count="1" testduration="0.007" type="method"/>
            <line num="53" count="1" type="stmt"/>
            <line num="59" count="1" type="stmt"/>
            <line num="61" count="1" type="stmt"/>
            <line complexity="2" visibility="public" signature="testUpdateEmployee() : void" num="65" testsuccess="true" count="1" testduration="0.001" type="method"/>
            <line num="69" count="1" type="stmt"/>
            <line num="75" count="1" type="stmt"/>
            <line num="77" count="1" type="stmt"/>
            <line num="78" count="1" type="stmt"/>
            <line num="79" count="1" type="stmt"/>
            <line num="83" count="0" type="stmt"/>
            <line num="85" count="1" type="stmt"/>
            <line complexity="1" visibility="public" signature="testListContact() : void" num="90" testsuccess="true" count="1" testduration="0.0" type="method"/>
            <line num="93" count="1" type="stmt"/>
            <line num="94" count="1" type="stmt"/>
            <line num="96" count="1" type="stmt"/>
            <line num="98" count="1" type="stmt"/>
            <line complexity="1" visibility="public" signature="testDeleteEmployee() : void" num="104" testsuccess="true" count="1" testduration="0.0" type="method"/>
            <line num="107" count="1" type="stmt"/>
            <line num="108" count="1" type="stmt"/>
            <line complexity="1" visibility="public" signature="testAddEmployee() : void" num="113" testsuccess="true" count="1" testduration="0.0" type="method"/>
            <line num="116" count="1" type="stmt"/>
            <line num="117" count="1" type="stmt"/>
         </file>
      </package>
      <package name="com.sample.mvc.controllerTest">
         <metrics coveredelements="37" complexity="7" loc="152" methods="7" classes="1" statements="30" coveredconditionals="0" coveredmethods="7" elements="37" ncloc="93" files="1" conditionals="0" coveredstatements="30"/>
         <file path="D:\HandsOn\maven\workspace\emp\src\test\java\com\sample\mvc\controllerTest\EmployeeControllerTest.java" name="EmployeeControllerTest.java">
            <metrics coveredelements="37" coveredconditionals="0" complexity="7" loc="152" coveredmethods="7" methods="7" elements="37" classes="1" ncloc="93" statements="30" conditionals="0" coveredstatements="30"/>
            <class name="EmployeeControllerTest">
               <metrics coveredelements="37" complexity="7" methods="7" testruns="6" statements="30" coveredconditionals="0" coveredmethods="7" elements="37" testfailures="0" testduration="0.103999995" conditionals="0" coveredstatements="30" testpasses="6"/>
            </class>
            <line complexity="1" visibility="public" signature="setup() : void" num="50" count="6" type="method"/>
            <line num="53" count="6" type="stmt"/>
            <line num="55" count="6" type="stmt"/>
            <line num="56" count="6" type="stmt"/>
            <line num="57" count="6" type="stmt"/>
            <line num="58" count="6" type="stmt"/>
            <line num="59" count="6" type="stmt"/>
            <line complexity="1" visibility="public" signature="testAddEmployee() : void" num="65" testsuccess="true" count="1" testduration="0.037" type="method"/>
            <line num="68" count="1" type="stmt"/>
            <line num="69" count="1" type="stmt"/>
            <line num="70" count="1" type="stmt"/>
            <line num="71" count="1" type="stmt"/>
            <line num="72" count="1" type="stmt"/>
            <line complexity="1" visibility="public" signature="testGetEmployeeById() : void" num="75" testsuccess="true" count="1" testduration="0.018" type="method"/>
            <line num="98" count="1" type="stmt"/>
            <line num="99" count="1" type="stmt"/>
            <line num="100" count="1" type="stmt"/>
            <line num="101" count="1" type="stmt"/>
            <line num="102" count="1" type="stmt"/>
            <line num="103" count="1" type="stmt"/>
            <line complexity="1" visibility="public" signature="testViewHome() : void" num="107" testsuccess="true" count="1" testduration="0.0" type="method"/>
            <line num="111" count="1" type="stmt"/>
            <line complexity="1" visibility="public" signature="testUpdateEmployee() : void" num="115" testsuccess="true" count="1" testduration="0.0" type="method"/>
            <line num="118" count="1" type="stmt"/>
            <line num="123" count="1" type="stmt"/>
            <line complexity="1" visibility="public" signature="testDeleteEmployee() : void" num="128" testsuccess="true" count="1" testduration="0.049" type="method"/>
            <line num="131" count="1" type="stmt"/>
            <line num="132" count="1" type="stmt"/>
            <line complexity="1" visibility="public" signature="testListContacts() : void" num="136" testsuccess="true" count="1" testduration="0.0" type="method"/>
            <line num="139" count="1" type="stmt"/>
            <line num="140" count="1" type="stmt"/>
            <line num="141" count="1" type="stmt"/>
            <line num="142" count="1" type="stmt"/>
            <line num="143" count="1" type="stmt"/>
            <line num="144" count="1" type="stmt"/>
            <line num="148" count="1" type="stmt"/>
            <line num="149" count="1" type="stmt"/>
         </file>
      </package>
   </testproject>
</coverage>